<?xml version="1.0" encoding="UTF-8"?>
<!-- Generated by org.testng.reporters.JUnitReportReporter -->
<testsuite skipped="0" hostname="DESKTOP-6DIBS4R" name="com.crm.qa.testcases.HomePageTest" tests="1" failures="0" timestamp="18 Jan 2019 03:26:00 GMT" time="24.379" errors="0">
  <testcase name="selectdatetest" time="24.379" classname="com.crm.qa.testcases.HomePageTest"/>
</testsuite> <!-- com.crm.qa.testcases.HomePageTest -->
