<?xml version="1.0" encoding="UTF-8"?>
<!-- Generated by org.testng.reporters.JUnitReportReporter -->
<testsuite skipped="0" hostname="DESKTOP-6DIBS4R" name="com.crm.qa.testcases.LoginPageTest" tests="1" failures="0" timestamp="15 Jan 2019 19:05:46 GMT" time="8.000" errors="0">
  <testcase name="loginPageTitleTest" time="8.000" classname="com.crm.qa.testcases.LoginPageTest"/>
</testsuite> <!-- com.crm.qa.testcases.LoginPageTest -->
