<?xml version="1.0" encoding="UTF-8"?>
<!-- Generated by org.testng.reporters.JUnitReportReporter -->
<testsuite skipped="0" hostname="DESKTOP-6DIBS4R" name="com.crm.qa.testcases.ContactsPageTest" tests="1" failures="0" timestamp="15 Jan 2019 22:17:16 GMT" time="21.217" errors="0">
  <testcase name="selectnewContactTest" time="21.217" classname="com.crm.qa.testcases.ContactsPageTest"/>
</testsuite> <!-- com.crm.qa.testcases.ContactsPageTest -->
